<?xml version="1.0" encoding="UTF-8"?>
<!-- Generated by org.testng.reporters.JUnitXMLReporter -->
<testsuite hostname="admin" name="Test-Runner 1" tests="3" failures="0" timestamp="2 Mar 2021 01:52:41 GMT" time="289.691" errors="0">
  <testcase name="ValidateCopyShippingAddressRadiobutton" time="61.618" classname="Organization.ValidateCSARadioBtn"/>
  <testcase name="RatingDropdown" time="27.021" classname="Organization.ValidateRatingDropdown"/>
  <testcase name="NotifyOwnerChechboxvalidation" time="24.036" classname="Organization.ValidateNOCkeckBox"/>
</testsuite> <!-- Test-Runner 1 -->
