<?xml version="1.0" encoding="UTF-8"?>
<!-- Generated by org.testng.reporters.JUnitReportReporter -->
<testsuite skipped="0" hostname="admin" name="Organization.TC_16" tests="1" failures="0" timestamp="25 Feb 2021 07:01:08 GMT" time="47.800" errors="0">
  <testcase name="ValidateCopyShippingAddressRadiobutton" time="47.800" classname="Organization.TC_16"/>
</testsuite> <!-- Organization.TC_16 -->
