<?xml version="1.0" encoding="UTF-8"?>
<!-- Generated by org.testng.reporters.JUnitReportReporter -->
<testsuite skipped="0" hostname="admin" name="files_handling.Readdatafromfile" tests="1" failures="0" timestamp="22 Feb 2021 06:14:55 GMT" time="0.149" errors="0">
  <testcase name="sample_test" time="0.149" classname="files_handling.Readdatafromfile"/>
</testsuite> <!-- files_handling.Readdatafromfile -->
