<?xml version="1.0" encoding="UTF-8"?>
<!-- Generated by org.testng.reporters.JUnitReportReporter -->
<testsuite skipped="2" hostname="admin" name="Organization.ValidateCBARadioBtn" tests="2" failures="0" timestamp="1 Mar 2021 01:55:37 GMT" time="0.019" errors="0">
  <testcase name="ValidateCopyBillingAddressRadiobutton" time="0.005" classname="Organization.ValidateCBARadioBtn">
    <skipped/>
  </testcase> <!-- ValidateCopyBillingAddressRadiobutton -->
  <testcase name="ValidateCopyBillingAddressRadiobutton" time="0.014" classname="Organization.ValidateCBARadioBtn">
    <skipped/>
  </testcase> <!-- ValidateCopyBillingAddressRadiobutton -->
</testsuite> <!-- Organization.ValidateCBARadioBtn -->
