<?xml version="1.0" encoding="UTF-8"?>
<!-- Generated by org.testng.reporters.JUnitReportReporter -->
<testsuite skipped="0" hostname="admin" name="Test_script.testcpraveen" tests="1" failures="0" timestamp="25 Feb 2021 08:36:58 GMT" time="16.647" errors="0">
  <testcase name="test" time="16.647" classname="Test_script.testcpraveen"/>
</testsuite> <!-- Test_script.testcpraveen -->
