<?xml version="1.0" encoding="UTF-8"?>
<!-- Generated by org.testng.reporters.JUnitReportReporter -->
<testsuite skipped="0" hostname="admin" name="Organization.TC_15" tests="1" failures="0" timestamp="25 Feb 2021 06:51:48 GMT" time="46.747" errors="0">
  <testcase name="NotifyOwnerChechboxvalidation" time="46.747" classname="Organization.TC_15"/>
</testsuite> <!-- Organization.TC_15 -->
