<?xml version="1.0" encoding="UTF-8"?>
<!-- Generated by org.testng.reporters.JUnitReportReporter -->
<testsuite skipped="2" hostname="admin" name="Organization.createOrgWithRating" tests="2" failures="0" timestamp="1 Mar 2021 01:55:37 GMT" time="0.017" errors="0">
  <testcase name="createWithRating" time="0.011" classname="Organization.createOrgWithRating">
    <skipped/>
  </testcase> <!-- createWithRating -->
  <testcase name="createWithRating" time="0.006" classname="Organization.createOrgWithRating">
    <skipped/>
  </testcase> <!-- createWithRating -->
</testsuite> <!-- Organization.createOrgWithRating -->
