<?xml version="1.0" encoding="UTF-8"?>
<!-- Generated by org.testng.reporters.JUnitReportReporter -->
<testsuite skipped="0" hostname="admin" name="Organization.TC_13" tests="1" failures="0" timestamp="25 Feb 2021 10:19:32 GMT" time="49.437" errors="0">
  <testcase name="RatingDropdown" time="49.437" classname="Organization.TC_13"/>
</testsuite> <!-- Organization.TC_13 -->
