<?xml version="1.0" encoding="UTF-8"?>
<!-- Generated by org.testng.reporters.JUnitReportReporter -->
<testsuite skipped="2" hostname="admin" name="Organization.createOrgWithNotifyOwner" tests="2" failures="0" timestamp="1 Mar 2021 01:55:37 GMT" time="0.016" errors="0">
  <testcase name="createWithNotifyOwner" time="0.001" classname="Organization.createOrgWithNotifyOwner">
    <skipped/>
  </testcase> <!-- createWithNotifyOwner -->
  <testcase name="createWithNotifyOwner" time="0.015" classname="Organization.createOrgWithNotifyOwner">
    <skipped/>
  </testcase> <!-- createWithNotifyOwner -->
</testsuite> <!-- Organization.createOrgWithNotifyOwner -->
