<?xml version="1.0" encoding="UTF-8"?>
<!-- Generated by org.testng.reporters.JUnitReportReporter -->
<testsuite skipped="0" hostname="admin" name="Test_script.LodinUsingPropertyFile" tests="1" failures="0" timestamp="24 Feb 2021 08:09:30 GMT" time="33.986" errors="0">
  <testcase name="Login" time="33.986" classname="Test_script.LodinUsingPropertyFile"/>
</testsuite> <!-- Test_script.LodinUsingPropertyFile -->
