<?xml version="1.0" encoding="UTF-8"?>
<!-- Generated by org.testng.reporters.JUnitReportReporter -->
<testsuite skipped="0" hostname="admin" name="Organization.POTC_12" tests="1" failures="0" timestamp="25 Feb 2021 11:08:54 GMT" time="35.540" errors="0">
  <testcase name="CreateOrderWithItem" time="35.540" classname="Organization.POTC_12"/>
</testsuite> <!-- Organization.POTC_12 -->
