<?xml version="1.0" encoding="UTF-8"?>
<!-- Generated by org.testng.reporters.JUnitReportReporter -->
<testsuite skipped="0" hostname="admin" name="Organization.TC_17" tests="1" failures="0" timestamp="25 Feb 2021 07:08:17 GMT" time="42.404" errors="0">
  <testcase name="ValidateCopyShippingAddressRadiobutton" time="42.404" classname="Organization.TC_17"/>
</testsuite> <!-- Organization.TC_17 -->
