<?xml version="1.0" encoding="UTF-8"?>
<!-- Generated by org.testng.reporters.JUnitReportReporter -->
<testsuite skipped="2" hostname="admin" name="Organization.ValidateRatingDropdown" tests="2" failures="0" timestamp="1 Mar 2021 01:55:37 GMT" time="0.031" errors="0">
  <testcase name="RatingDropdown" time="0.008" classname="Organization.ValidateRatingDropdown">
    <skipped/>
  </testcase> <!-- RatingDropdown -->
  <testcase name="RatingDropdown" time="0.023" classname="Organization.ValidateRatingDropdown">
    <skipped/>
  </testcase> <!-- RatingDropdown -->
</testsuite> <!-- Organization.ValidateRatingDropdown -->
