<?xml version="1.0" encoding="UTF-8"?>
<!-- Generated by org.testng.reporters.JUnitReportReporter -->
<testsuite skipped="2" hostname="admin" name="Organization.ValidateNOCkeckBox" tests="2" failures="0" timestamp="1 Mar 2021 01:55:37 GMT" time="0.017" errors="0">
  <testcase name="NotifyOwnerChechboxvalidation" time="0.008" classname="Organization.ValidateNOCkeckBox">
    <skipped/>
  </testcase> <!-- NotifyOwnerChechboxvalidation -->
  <testcase name="NotifyOwnerChechboxvalidation" time="0.009" classname="Organization.ValidateNOCkeckBox">
    <skipped/>
  </testcase> <!-- NotifyOwnerChechboxvalidation -->
</testsuite> <!-- Organization.ValidateNOCkeckBox -->
