<?xml version="1.0" encoding="UTF-8"?>
<!-- Generated by org.testng.reporters.JUnitReportReporter -->
<testsuite skipped="0" hostname="admin" name="files_handling.Readdatafrommaven" tests="1" failures="0" timestamp="23 Feb 2021 05:38:08 GMT" time="0.062" errors="0">
  <testcase name="sample1" time="0.062" classname="files_handling.Readdatafrommaven"/>
</testsuite> <!-- files_handling.Readdatafrommaven -->
